  try.cpp
  main.cpp
  正在生成代码...
try.obj : error LNK2005: "public: __thiscall try2::try2(void)" (??0try2@@QAE@XZ) 已经在 main.obj 中定义
D:\workspace\cs32\project1\ConsoleApplication2\Debug\ConsoleApplication2.exe : fatal error LNK1169: 找到一个或多个多重定义的符号
